%!Adobe-FontList 1.14
%Locale:0x409

%BeginFont
Handler:DirectoryHandler
FontType:TrueType
FontName:Lato-Black
FamilyName:Lato
StyleName:Black
FullName:Lato Black
MenuName:Lato Black
StyleBits:0
WritingScript:Roman
OutlineFileName:D:\Unity App Windows\Development\BookMD\BookMD-Asset\Font\Lato-Black.ttf
DataFormat:sfntData
FileLength:614544
FileModTime:1486817260
WeightClass:900
WidthClass:5
AngleClass:0
%EndFont

%BeginFont
Handler:DirectoryHandler
FontType:TrueType
FontName:Lato-BlackItalic
FamilyName:Lato
StyleName:Black Italic
FullName:Lato Black Italic
MenuName:Lato Black
StyleBits:1
WritingScript:Roman
OutlineFileName:D:\Unity App Windows\Development\BookMD\BookMD-Asset\Font\Lato-BlackItalic.ttf
DataFormat:sfntData
FileLength:672480
FileModTime:1486817260
WeightClass:900
WidthClass:5
AngleClass:1
%EndFont

%BeginFont
Handler:DirectoryHandler
FontType:TrueType
FontName:Lato-Bold
FamilyName:Lato
StyleName:Bold
FullName:Lato Bold
MenuName:Lato
StyleBits:2
WritingScript:Roman
OutlineFileName:D:\Unity App Windows\Development\BookMD\BookMD-Asset\Font\Lato-Bold.ttf
DataFormat:sfntData
FileLength:657188
FileModTime:1486817260
WeightClass:700
WidthClass:5
AngleClass:0
%EndFont

%BeginFont
Handler:DirectoryHandler
FontType:TrueType
FontName:Lato-BoldItalic
FamilyName:Lato
StyleName:Bold Italic
FullName:Lato Bold Italic
MenuName:Lato
StyleBits:3
WritingScript:Roman
OutlineFileName:D:\Unity App Windows\Development\BookMD\BookMD-Asset\Font\Lato-BoldItalic.ttf
DataFormat:sfntData
FileLength:699008
FileModTime:1486817260
WeightClass:700
WidthClass:5
AngleClass:1
%EndFont

%BeginFont
Handler:DirectoryHandler
FontType:TrueType
FontName:Lato-Hairline
FamilyName:Lato
StyleName:Hairline
FullName:Lato Hairline
MenuName:Lato Hairline
StyleBits:0
WritingScript:Roman
OutlineFileName:D:\Unity App Windows\Development\BookMD\BookMD-Asset\Font\Lato-Hairline.ttf
DataFormat:sfntData
FileLength:584784
FileModTime:1486817260
WeightClass:250
WidthClass:5
AngleClass:0
%EndFont

%BeginFont
Handler:DirectoryHandler
FontType:TrueType
FontName:Lato-HairlineItalic
FamilyName:Lato
StyleName:Hairline Italic
FullName:Lato Hairline Italic
MenuName:Lato Hairline
StyleBits:1
WritingScript:Roman
OutlineFileName:D:\Unity App Windows\Development\BookMD\BookMD-Asset\Font\Lato-HairlineItalic.ttf
DataFormat:sfntData
FileLength:609436
FileModTime:1486817260
WeightClass:250
WidthClass:5
AngleClass:1
%EndFont

%BeginFont
Handler:DirectoryHandler
FontType:TrueType
FontName:Lato-Heavy
FamilyName:Lato
StyleName:Heavy
FullName:Lato Heavy
MenuName:Lato Heavy
StyleBits:0
WritingScript:Roman
OutlineFileName:D:\Unity App Windows\Development\BookMD\BookMD-Asset\Font\Lato-Heavy.ttf
DataFormat:sfntData
FileLength:665420
FileModTime:1486817260
WeightClass:800
WidthClass:5
AngleClass:0
%EndFont

%BeginFont
Handler:DirectoryHandler
FontType:TrueType
FontName:Lato-HeavyItalic
FamilyName:Lato
StyleName:Heavy Italic
FullName:Lato Heavy Italic
MenuName:Lato Heavy
StyleBits:1
WritingScript:Roman
OutlineFileName:D:\Unity App Windows\Development\BookMD\BookMD-Asset\Font\Lato-HeavyItalic.ttf
DataFormat:sfntData
FileLength:698924
FileModTime:1486817260
WeightClass:800
WidthClass:5
AngleClass:1
%EndFont

%BeginFont
Handler:DirectoryHandler
FontType:TrueType
FontName:Lato-Italic
FamilyName:Lato
StyleName:Italic
FullName:Lato Italic
MenuName:Lato
StyleBits:1
WritingScript:Roman
OutlineFileName:D:\Unity App Windows\Development\BookMD\BookMD-Asset\Font\Lato-Italic.ttf
DataFormat:sfntData
FileLength:723544
FileModTime:1486817260
WeightClass:400
WidthClass:5
AngleClass:1
%EndFont

%BeginFont
Handler:DirectoryHandler
FontType:TrueType
FontName:Lato-Light
FamilyName:Lato
StyleName:Light
FullName:Lato Light
MenuName:Lato Light
StyleBits:0
WritingScript:Roman
OutlineFileName:D:\Unity App Windows\Development\BookMD\BookMD-Asset\Font\Lato-Light.ttf
DataFormat:sfntData
FileLength:644556
FileModTime:1486817260
WeightClass:300
WidthClass:5
AngleClass:0
%EndFont

%BeginFont
Handler:DirectoryHandler
FontType:TrueType
FontName:Lato-LightItalic
FamilyName:Lato
StyleName:Light Italic
FullName:Lato Light Italic
MenuName:Lato Light
StyleBits:1
WritingScript:Roman
OutlineFileName:D:\Unity App Windows\Development\BookMD\BookMD-Asset\Font\Lato-LightItalic.ttf
DataFormat:sfntData
FileLength:658212
FileModTime:1486817260
WeightClass:300
WidthClass:5
AngleClass:1
%EndFont

%BeginFont
Handler:DirectoryHandler
FontType:TrueType
FontName:Lato-Medium
FamilyName:Lato
StyleName:Medium
FullName:Lato Medium
MenuName:Lato Medium
StyleBits:0
WritingScript:Roman
OutlineFileName:D:\Unity App Windows\Development\BookMD\BookMD-Asset\Font\Lato-Medium.ttf
DataFormat:sfntData
FileLength:637068
FileModTime:1486817260
WeightClass:500
WidthClass:5
AngleClass:0
%EndFont

%BeginFont
Handler:DirectoryHandler
FontType:TrueType
FontName:Lato-MediumItalic
FamilyName:Lato
StyleName:Medium Italic
FullName:Lato Medium Italic
MenuName:Lato Medium
StyleBits:1
WritingScript:Roman
OutlineFileName:D:\Unity App Windows\Development\BookMD\BookMD-Asset\Font\Lato-MediumItalic.ttf
DataFormat:sfntData
FileLength:695588
FileModTime:1486817260
WeightClass:500
WidthClass:5
AngleClass:1
%EndFont

%BeginFont
Handler:DirectoryHandler
FontType:TrueType
FontName:Lato-Regular
FamilyName:Lato
StyleName:Regular
FullName:Lato Regular
MenuName:Lato
StyleBits:0
WritingScript:Roman
OutlineFileName:D:\Unity App Windows\Development\BookMD\BookMD-Asset\Font\Lato-Regular.ttf
DataFormat:sfntData
FileLength:657212
FileModTime:1486817260
WeightClass:400
WidthClass:5
AngleClass:0
%EndFont

%BeginFont
Handler:DirectoryHandler
FontType:TrueType
FontName:Lato-Semibold
FamilyName:Lato
StyleName:Semibold
FullName:Lato Semibold
MenuName:Lato Semibold
StyleBits:0
WritingScript:Roman
OutlineFileName:D:\Unity App Windows\Development\BookMD\BookMD-Asset\Font\Lato-Semibold.ttf
DataFormat:sfntData
FileLength:669228
FileModTime:1486817260
WeightClass:600
WidthClass:5
AngleClass:0
%EndFont

%BeginFont
Handler:DirectoryHandler
FontType:TrueType
FontName:Lato-SemiboldItalic
FamilyName:Lato
StyleName:Semibold Italic
FullName:Lato Semibold Italic
MenuName:Lato Semibold
StyleBits:1
WritingScript:Roman
OutlineFileName:D:\Unity App Windows\Development\BookMD\BookMD-Asset\Font\Lato-SemiboldItalic.ttf
DataFormat:sfntData
FileLength:698028
FileModTime:1486817260
WeightClass:600
WidthClass:5
AngleClass:1
%EndFont

%BeginFont
Handler:DirectoryHandler
FontType:TrueType
FontName:Lato-Thin
FamilyName:Lato
StyleName:Thin
FullName:Lato Thin
MenuName:Lato Thin
StyleBits:0
WritingScript:Roman
OutlineFileName:D:\Unity App Windows\Development\BookMD\BookMD-Asset\Font\Lato-Thin.ttf
DataFormat:sfntData
FileLength:627220
FileModTime:1486817260
WeightClass:275
WidthClass:5
AngleClass:0
%EndFont

%BeginFont
Handler:DirectoryHandler
FontType:TrueType
FontName:Lato-ThinItalic
FamilyName:Lato
StyleName:Thin Italic
FullName:Lato Thin Italic
MenuName:Lato Thin
StyleBits:1
WritingScript:Roman
OutlineFileName:D:\Unity App Windows\Development\BookMD\BookMD-Asset\Font\Lato-ThinItalic.ttf
DataFormat:sfntData
FileLength:654216
FileModTime:1486817260
WeightClass:275
WidthClass:5
AngleClass:1
%EndFont

